25/Sep/2018 6:06:14 AM:Object reference not set to an instance of an object.   at InitialDLauncher.CarCtrl.CarCtrl_Load(Object sender, EventArgs e) in E:\Users\Barry\Documents\GitHub\Initial-D-Arcade-Stage-Teknoparrot-Launcher\InitialDLauncher\Form\User Control\CarCtrl.vb:line 382
25/Sep/2018 6:06:15 AM:Object reference not set to an instance of an object.   at InitialDLauncher.CarCtrl.CarCtrl_Load(Object sender, EventArgs e) in E:\Users\Barry\Documents\GitHub\Initial-D-Arcade-Stage-Teknoparrot-Launcher\InitialDLauncher\Form\User Control\CarCtrl.vb:line 382
25/Sep/2018 6:06:51 AM:Object reference not set to an instance of an object.   at InitialDLauncher.CarCtrl.CarCtrl_Load(Object sender, EventArgs e) in E:\Users\Barry\Documents\GitHub\Initial-D-Arcade-Stage-Teknoparrot-Launcher\InitialDLauncher\Form\User Control\CarCtrl.vb:line 382
25/Sep/2018 6:06:51 AM:Object reference not set to an instance of an object.   at InitialDLauncher.CarCtrl.CarCtrl_Load(Object sender, EventArgs e) in E:\Users\Barry\Documents\GitHub\Initial-D-Arcade-Stage-Teknoparrot-Launcher\InitialDLauncher\Form\User Control\CarCtrl.vb:line 382
25/Sep/2018 6:09:13 AM:Object reference not set to an instance of an object.   at InitialDLauncher.CarCtrl.CarCtrl_Load(Object sender, EventArgs e) in E:\Users\Barry\Documents\GitHub\Initial-D-Arcade-Stage-Teknoparrot-Launcher\InitialDLauncher\Form\User Control\CarCtrl.vb:line 382
25/Sep/2018 6:09:13 AM:Object reference not set to an instance of an object.   at InitialDLauncher.CarCtrl.CarCtrl_Load(Object sender, EventArgs e) in E:\Users\Barry\Documents\GitHub\Initial-D-Arcade-Stage-Teknoparrot-Launcher\InitialDLauncher\Form\User Control\CarCtrl.vb:line 382
25/Sep/2018 6:09:35 AM:Object reference not set to an instance of an object.   at InitialDLauncher.CarCtrl.CarCtrl_Load(Object sender, EventArgs e) in E:\Users\Barry\Documents\GitHub\Initial-D-Arcade-Stage-Teknoparrot-Launcher\InitialDLauncher\Form\User Control\CarCtrl.vb:line 382
25/Sep/2018 6:09:35 AM:Object reference not set to an instance of an object.   at InitialDLauncher.CarCtrl.CarCtrl_Load(Object sender, EventArgs e) in E:\Users\Barry\Documents\GitHub\Initial-D-Arcade-Stage-Teknoparrot-Launcher\InitialDLauncher\Form\User Control\CarCtrl.vb:line 382
25/Sep/2018 6:10:08 AM:Object reference not set to an instance of an object.   at InitialDLauncher.CarCtrl.CarCtrl_Load(Object sender, EventArgs e) in E:\Users\Barry\Documents\GitHub\Initial-D-Arcade-Stage-Teknoparrot-Launcher\InitialDLauncher\Form\User Control\CarCtrl.vb:line 382
25/Sep/2018 6:10:09 AM:Object reference not set to an instance of an object.   at InitialDLauncher.CarCtrl.CarCtrl_Load(Object sender, EventArgs e) in E:\Users\Barry\Documents\GitHub\Initial-D-Arcade-Stage-Teknoparrot-Launcher\InitialDLauncher\Form\User Control\CarCtrl.vb:line 382
25/Sep/2018 6:10:30 AM:Object reference not set to an instance of an object.   at InitialDLauncher.CarCtrl.CarCtrl_Load(Object sender, EventArgs e) in E:\Users\Barry\Documents\GitHub\Initial-D-Arcade-Stage-Teknoparrot-Launcher\InitialDLauncher\Form\User Control\CarCtrl.vb:line 382
25/Sep/2018 6:10:30 AM:Object reference not set to an instance of an object.   at InitialDLauncher.CarCtrl.CarCtrl_Load(Object sender, EventArgs e) in E:\Users\Barry\Documents\GitHub\Initial-D-Arcade-Stage-Teknoparrot-Launcher\InitialDLauncher\Form\User Control\CarCtrl.vb:line 382
25/Sep/2018 6:10:45 AM:Parameter is not valid.   at System.Drawing.Image.get_RawFormat()
   at System.Drawing.Graphics.DrawImage(Image image, Int32 x, Int32 y)
   at InitialDLauncher.Avatar.RefreshImage() in E:\Users\Barry\Documents\GitHub\Initial-D-Arcade-Stage-Teknoparrot-Launcher\InitialDLauncher\Class\Component\Avatar.vb:line 75
25/Sep/2018 6:10:47 AM:Exception has been thrown by the target of an invocation.   at System.RuntimeMethodHandle.SerializationInvoke(IRuntimeMethodInfo method, Object target, SerializationInfo info, StreamingContext& context)
   at System.Runtime.Serialization.ObjectManager.CompleteISerializableObject(Object obj, SerializationInfo info, StreamingContext context)
   at System.Runtime.Serialization.ObjectManager.FixupSpecialObject(ObjectHolder holder)
   at System.Runtime.Serialization.ObjectManager.DoFixups()
   at System.Runtime.Serialization.Formatters.Binary.ObjectReader.Deserialize(HeaderHandler handler, __BinaryParser serParser, Boolean fCheck, Boolean isCrossAppDomain, IMethodCallMessage methodCallMessage)
   at System.Runtime.Serialization.Formatters.Binary.BinaryFormatter.Deserialize(Stream serializationStream, HeaderHandler handler, Boolean fCheck, Boolean isCrossAppDomain, IMethodCallMessage methodCallMessage)
   at System.Resources.ResourceReader.DeserializeObject(Int32 typeIndex)
   at System.Resources.ResourceReader._LoadObjectV2(Int32 pos, ResourceTypeCode& typeCode)
   at System.Resources.ResourceReader.LoadObjectV2(Int32 pos, ResourceTypeCode& typeCode)
   at System.Resources.ResourceReader.LoadObject(Int32 pos, ResourceTypeCode& typeCode)
   at System.Resources.RuntimeResourceSet.GetObject(String key, Boolean ignoreCase, Boolean isString)
   at System.Resources.RuntimeResourceSet.GetObject(String key, Boolean ignoreCase)
   at System.Resources.ResourceManager.GetObject(String name, CultureInfo culture, Boolean wrapUnmanagedMemStream)
   at System.Resources.ResourceManager.GetObject(String name, CultureInfo culture)
   at InitialDLauncher.My.Resources.Resources.get_ID8() in E:\Users\Barry\Documents\GitHub\Initial-D-Arcade-Stage-Teknoparrot-Launcher\InitialDLauncher\My Project\Resources.Designer.vb:line 917
   at InitialDLauncher.NSMessageBox.CreateDialog(String text, String caption, Int32 p1, Int32 p2) in E:\Users\Barry\Documents\GitHub\Initial-D-Arcade-Stage-Teknoparrot-Launcher\InitialDLauncher\Class\Component\Theme.vb:line 5436
25/Sep/2018 6:10:48 AM:Object reference not set to an instance of an object.   at InitialDLauncher.CarCtrl.CarCtrl_Load(Object sender, EventArgs e) in E:\Users\Barry\Documents\GitHub\Initial-D-Arcade-Stage-Teknoparrot-Launcher\InitialDLauncher\Form\User Control\CarCtrl.vb:line 382
25/Sep/2018 6:10:48 AM:Exception has been thrown by the target of an invocation.   at System.RuntimeMethodHandle.SerializationInvoke(IRuntimeMethodInfo method, Object target, SerializationInfo info, StreamingContext& context)
   at System.Runtime.Serialization.ObjectManager.CompleteISerializableObject(Object obj, SerializationInfo info, StreamingContext context)
   at System.Runtime.Serialization.ObjectManager.FixupSpecialObject(ObjectHolder holder)
   at System.Runtime.Serialization.ObjectManager.DoFixups()
   at System.Runtime.Serialization.Formatters.Binary.ObjectReader.Deserialize(HeaderHandler handler, __BinaryParser serParser, Boolean fCheck, Boolean isCrossAppDomain, IMethodCallMessage methodCallMessage)
   at System.Runtime.Serialization.Formatters.Binary.BinaryFormatter.Deserialize(Stream serializationStream, HeaderHandler handler, Boolean fCheck, Boolean isCrossAppDomain, IMethodCallMessage methodCallMessage)
   at System.Resources.ResourceReader.DeserializeObject(Int32 typeIndex)
   at System.Resources.ResourceReader._LoadObjectV2(Int32 pos, ResourceTypeCode& typeCode)
   at System.Resources.ResourceReader.LoadObjectV2(Int32 pos, ResourceTypeCode& typeCode)
   at System.Resources.ResourceReader.LoadObject(Int32 pos, ResourceTypeCode& typeCode)
   at System.Resources.RuntimeResourceSet.GetObject(String key, Boolean ignoreCase, Boolean isString)
   at System.Resources.RuntimeResourceSet.GetObject(String key, Boolean ignoreCase)
   at System.Resources.ResourceManager.GetObject(String name, CultureInfo culture, Boolean wrapUnmanagedMemStream)
   at System.Resources.ResourceManager.GetObject(String name, CultureInfo culture)
   at InitialDLauncher.My.Resources.Resources.get_ID8() in E:\Users\Barry\Documents\GitHub\Initial-D-Arcade-Stage-Teknoparrot-Launcher\InitialDLauncher\My Project\Resources.Designer.vb:line 917
   at InitialDLauncher.NSMessageBox.CreateDialog(String text, String caption, Int32 p1, Int32 p2) in E:\Users\Barry\Documents\GitHub\Initial-D-Arcade-Stage-Teknoparrot-Launcher\InitialDLauncher\Class\Component\Theme.vb:line 5436
25/Sep/2018 6:10:48 AM:Object reference not set to an instance of an object.   at InitialDLauncher.CarCtrl.CarCtrl_Load(Object sender, EventArgs e) in E:\Users\Barry\Documents\GitHub\Initial-D-Arcade-Stage-Teknoparrot-Launcher\InitialDLauncher\Form\User Control\CarCtrl.vb:line 382
25/Sep/2018 6:18:36 AM:Object reference not set to an instance of an object.   at InitialDLauncher.CarCtrl.CarCtrl_Load(Object sender, EventArgs e) in E:\Users\Barry\Documents\GitHub\Initial-D-Arcade-Stage-Teknoparrot-Launcher\InitialDLauncher\Form\User Control\CarCtrl.vb:line 382
25/Sep/2018 6:18:37 AM:Object reference not set to an instance of an object.   at InitialDLauncher.CarCtrl.CarCtrl_Load(Object sender, EventArgs e) in E:\Users\Barry\Documents\GitHub\Initial-D-Arcade-Stage-Teknoparrot-Launcher\InitialDLauncher\Form\User Control\CarCtrl.vb:line 382
16/Oct/2018 6:05:37 PM:Parameter is not valid.   at System.Drawing.Image.get_RawFormat()
   at System.Drawing.Graphics.DrawImage(Image image, Int32 x, Int32 y)
   at InitialDLauncher.Avatar.RefreshImage()
16/Oct/2018 6:05:49 PM:Out of memory.   at System.Drawing.Graphics.CheckErrorStatus(Int32 status)
   at System.Drawing.Graphics.DrawImage(Image image, Int32 x, Int32 y)
   at InitialDLauncher.Avatar.RefreshImage()
16/Oct/2018 6:05:49 PM:Parameter is not valid.   at System.Drawing.Image.get_RawFormat()
   at System.Drawing.Graphics.DrawImage(Image image, Int32 x, Int32 y)
   at InitialDLauncher.Avatar.RefreshImage()
16/Oct/2018 6:06:05 PM:Parameter is not valid.   at System.Drawing.Bitmap..ctor(Int32 width, Int32 height, PixelFormat format)
   at System.Drawing.Bitmap..ctor(Int32 width, Int32 height)
   at InitialDLauncher.Avatar.RefreshImage()
16/Oct/2018 6:06:06 PM:Parameter is not valid.   at System.Drawing.Image.get_RawFormat()
   at System.Drawing.Graphics.DrawImage(Image image, Int32 x, Int32 y)
   at InitialDLauncher.Avatar.RefreshImage()
16/Oct/2018 6:06:16 PM:Parameter is not valid.   at System.Drawing.Image.get_RawFormat()
   at System.Drawing.Graphics.DrawImage(Image image, Int32 x, Int32 y)
   at InitialDLauncher.Avatar.RefreshImage()
16/Oct/2018 6:06:19 PM:Parameter is not valid.   at System.Drawing.Image.get_RawFormat()
   at System.Drawing.Graphics.DrawImage(Image image, Int32 x, Int32 y)
   at InitialDLauncher.Avatar.RefreshImage()
19/Oct/2018 6:26:38 AM:Could not find a part of the path 'E:\Users\Barry\Documents\GitHub\Initial-D-Arcade-Stage-Teknoparrot-Launcher\InitialDLauncher\bin\Release\Languages\IDAS\IDAS\English.ini'.   at System.IO.__Error.WinIOError(Int32 errorCode, String maybeFullPath)
   at System.IO.FileStream.Init(String path, FileMode mode, FileAccess access, Int32 rights, Boolean useRights, FileShare share, Int32 bufferSize, FileOptions options, SECURITY_ATTRIBUTES secAttrs, String msgPath, Boolean bFromProxy, Boolean useLongPath, Boolean checkHost)
   at System.IO.FileStream..ctor(String path, FileMode mode, FileAccess access, FileShare share, Int32 bufferSize, FileOptions options, String msgPath, Boolean bFromProxy, Boolean useLongPath, Boolean checkHost)
   at System.IO.StreamReader..ctor(String path, Encoding encoding, Boolean detectEncodingFromByteOrderMarks, Int32 bufferSize, Boolean checkHost)
   at System.IO.StreamReader..ctor(String path, Encoding encoding)
   at System.IO.File.InternalReadAllLines(String path, Encoding encoding)
   at System.IO.File.ReadAllLines(String path)
   at InitialDLauncher.CFGread.ReadCfgValue(String key, String file) in E:\Users\Barry\Documents\GitHub\Initial-D-Arcade-Stage-Teknoparrot-Launcher\InitialDLauncher\Class\CFGRead.vb:line 3
   at InitialDLauncher.frmLauncher.Translate() in E:\Users\Barry\Documents\GitHub\Initial-D-Arcade-Stage-Teknoparrot-Launcher\InitialDLauncher\Form\frmLauncher.vb:line 761
19/Oct/2018 6:26:44 AM:Could not find a part of the path 'E:\Users\Barry\Documents\GitHub\Initial-D-Arcade-Stage-Teknoparrot-Launcher\InitialDLauncher\bin\Release\Languages\IDAS'.   at System.IO.__Error.WinIOError(Int32 errorCode, String maybeFullPath)
   at System.IO.FileSystemEnumerableIterator`1.CommonInit()
   at System.IO.FileSystemEnumerableIterator`1..ctor(String path, String originalUserPath, String searchPattern, SearchOption searchOption, SearchResultHandler`1 resultHandler, Boolean checkHost)
   at System.IO.Directory.GetFiles(String path, String searchPattern)
   at InitialDLauncher.frmSettings.Settings_Load(Object sender, EventArgs e) in E:\Users\Barry\Documents\GitHub\Initial-D-Arcade-Stage-Teknoparrot-Launcher\InitialDLauncher\Form\frmSettings.vb:line 18
19/Oct/2018 6:27:18 AM:Could not find a part of the path 'E:\Users\Barry\Documents\GitHub\Initial-D-Arcade-Stage-Teknoparrot-Launcher\InitialDLauncher\bin\Release\Languages\IDAS\IDAS\English.ini'.   at System.IO.__Error.WinIOError(Int32 errorCode, String maybeFullPath)
   at System.IO.FileStream.Init(String path, FileMode mode, FileAccess access, Int32 rights, Boolean useRights, FileShare share, Int32 bufferSize, FileOptions options, SECURITY_ATTRIBUTES secAttrs, String msgPath, Boolean bFromProxy, Boolean useLongPath, Boolean checkHost)
   at System.IO.FileStream..ctor(String path, FileMode mode, FileAccess access, FileShare share, Int32 bufferSize, FileOptions options, String msgPath, Boolean bFromProxy, Boolean useLongPath, Boolean checkHost)
   at System.IO.StreamReader..ctor(String path, Encoding encoding, Boolean detectEncodingFromByteOrderMarks, Int32 bufferSize, Boolean checkHost)
   at System.IO.StreamReader..ctor(String path, Encoding encoding)
   at System.IO.File.InternalReadAllLines(String path, Encoding encoding)
   at System.IO.File.ReadAllLines(String path)
   at InitialDLauncher.CFGread.ReadCfgValue(String key, String file) in E:\Users\Barry\Documents\GitHub\Initial-D-Arcade-Stage-Teknoparrot-Launcher\InitialDLauncher\Class\CFGRead.vb:line 3
   at InitialDLauncher.frmLauncher.Translate() in E:\Users\Barry\Documents\GitHub\Initial-D-Arcade-Stage-Teknoparrot-Launcher\InitialDLauncher\Form\frmLauncher.vb:line 761
19/Oct/2018 6:27:29 AM:Could not find a part of the path 'E:\Users\Barry\Documents\GitHub\Initial-D-Arcade-Stage-Teknoparrot-Launcher\InitialDLauncher\bin\Release\Languages\IDAS\IDAS\English.ini'.   at System.IO.__Error.WinIOError(Int32 errorCode, String maybeFullPath)
   at System.IO.FileStream.Init(String path, FileMode mode, FileAccess access, Int32 rights, Boolean useRights, FileShare share, Int32 bufferSize, FileOptions options, SECURITY_ATTRIBUTES secAttrs, String msgPath, Boolean bFromProxy, Boolean useLongPath, Boolean checkHost)
   at System.IO.FileStream..ctor(String path, FileMode mode, FileAccess access, FileShare share, Int32 bufferSize, FileOptions options, String msgPath, Boolean bFromProxy, Boolean useLongPath, Boolean checkHost)
   at System.IO.StreamReader..ctor(String path, Encoding encoding, Boolean detectEncodingFromByteOrderMarks, Int32 bufferSize, Boolean checkHost)
   at System.IO.StreamReader..ctor(String path, Encoding encoding)
   at System.IO.File.InternalReadAllLines(String path, Encoding encoding)
   at System.IO.File.ReadAllLines(String path)
   at InitialDLauncher.CFGread.ReadCfgValue(String key, String file) in E:\Users\Barry\Documents\GitHub\Initial-D-Arcade-Stage-Teknoparrot-Launcher\InitialDLauncher\Class\CFGRead.vb:line 3
   at InitialDLauncher.frmLauncher.Translate() in E:\Users\Barry\Documents\GitHub\Initial-D-Arcade-Stage-Teknoparrot-Launcher\InitialDLauncher\Form\frmLauncher.vb:line 761
19/Oct/2018 6:31:43 AM:Object reference not set to an instance of an object.   at InitialDLauncher.frmLauncher.LauncherNormalLoad() in E:\Users\Barry\Documents\GitHub\Initial-D-Arcade-Stage-Teknoparrot-Launcher\InitialDLauncher\Form\frmLauncher.vb:line 236
19/Oct/2018 6:32:12 AM:Object reference not set to an instance of an object.   at InitialDLauncher.frmLauncher.LauncherNormalLoad() in E:\Users\Barry\Documents\GitHub\Initial-D-Arcade-Stage-Teknoparrot-Launcher\InitialDLauncher\Form\frmLauncher.vb:line 236
23/Oct/2018 10:28:52 PM:The operation has timed out   at System.Net.WebClient.OpenRead(Uri address)
   at System.Net.WebClient.OpenRead(String address)
   at InitialDLauncher.frmLeaderboard.RefreshLeaderboard6(String course, String type, String weather) in E:\Users\Barry\Documents\GitHub\Initial-D-Arcade-Stage-Teknoparrot-Launcher\InitialDLauncher\Form\frmLeaderboard.vb:line 218
23/Oct/2018 10:28:53 PM:The operation has timed out   at System.Net.WebClient.OpenRead(Uri address)
   at System.Net.WebClient.OpenRead(String address)
   at InitialDLauncher.frmLeaderboard.RefreshLeaderboard8(String course, String type, String weather) in E:\Users\Barry\Documents\GitHub\Initial-D-Arcade-Stage-Teknoparrot-Launcher\InitialDLauncher\Form\frmLeaderboard.vb:line 280
24/Oct/2018 5:38:38 PM:Could not find a part of the path.   at System.IO.__Error.WinIOError(Int32 errorCode, String maybeFullPath)
   at System.IO.__Error.WinIOError()
   at System.IO.File.InternalMove(String sourceFileName, String destFileName, Boolean checkHost)
   at InitialDLauncher.CardEmpty.btnScan_Click(Object sender, EventArgs e) in E:\Users\Barry\Documents\GitHub\Initial-D-Arcade-Stage-Teknoparrot-Launcher\InitialDLauncher\Form\User Control\CardEmpty.vb:line 101
24/Oct/2018 5:38:41 PM:Could not find a part of the path.   at System.IO.__Error.WinIOError(Int32 errorCode, String maybeFullPath)
   at System.IO.__Error.WinIOError()
   at System.IO.File.InternalMove(String sourceFileName, String destFileName, Boolean checkHost)
   at InitialDLauncher.CardEmpty.btnScan_Click(Object sender, EventArgs e) in E:\Users\Barry\Documents\GitHub\Initial-D-Arcade-Stage-Teknoparrot-Launcher\InitialDLauncher\Form\User Control\CardEmpty.vb:line 101
24/Oct/2018 5:38:59 PM:Could not find a part of the path.   at System.IO.__Error.WinIOError(Int32 errorCode, String maybeFullPath)
   at System.IO.__Error.WinIOError()
   at System.IO.File.InternalMove(String sourceFileName, String destFileName, Boolean checkHost)
   at InitialDLauncher.CardEmpty.btnScan_Click(Object sender, EventArgs e) in E:\Users\Barry\Documents\GitHub\Initial-D-Arcade-Stage-Teknoparrot-Launcher\InitialDLauncher\Form\User Control\CardEmpty.vb:line 101
24/Oct/2018 6:01:45 PM:Could not find a part of the path.   at System.IO.__Error.WinIOError(Int32 errorCode, String maybeFullPath)
   at System.IO.__Error.WinIOError()
   at System.IO.File.InternalMove(String sourceFileName, String destFileName, Boolean checkHost)
   at InitialDLauncher.CardEmpty.btnScan_Click(Object sender, EventArgs e) in E:\Users\Barry\Documents\GitHub\Initial-D-Arcade-Stage-Teknoparrot-Launcher\InitialDLauncher\Form\User Control\CardEmpty.vb:line 101
24/Oct/2018 6:09:00 PM:Could not find a part of the path.   at System.IO.__Error.WinIOError(Int32 errorCode, String maybeFullPath)
   at System.IO.__Error.WinIOError()
   at System.IO.File.InternalMove(String sourceFileName, String destFileName, Boolean checkHost)
   at InitialDLauncher.CardEmpty.btnScan_Click(Object sender, EventArgs e) in E:\Users\Barry\Documents\GitHub\Initial-D-Arcade-Stage-Teknoparrot-Launcher\InitialDLauncher\Form\User Control\CardEmpty.vb:line 101
24/Oct/2018 6:11:30 PM:Arithmetic operation resulted in an overflow.   at Microsoft.VisualBasic.CompilerServices.Conversions.ToInteger(String Value)
   at InitialDLauncher.Helper.GetMilelage(Byte[] hex1, Byte[] hex2, Byte[] hex3, Byte[] hex4) in E:\Users\Barry\Documents\GitHub\Initial-D-Arcade-Stage-Teknoparrot-Launcher\InitialDLauncher\Class\Helper.vb:line 746
   at InitialDLauncher.frmEdit.frmEdit_Load(Object sender, EventArgs e) in E:\Users\Barry\Documents\GitHub\Initial-D-Arcade-Stage-Teknoparrot-Launcher\InitialDLauncher\Form\frmEdit.vb:line 1388
24/Oct/2018 6:12:12 PM:Object reference not set to an instance of an object.   at InitialDLauncher.frmEdit.btnSet_Click(Object sender, EventArgs e) in E:\Users\Barry\Documents\GitHub\Initial-D-Arcade-Stage-Teknoparrot-Launcher\InitialDLauncher\Form\frmEdit.vb:line 539
25/Oct/2018 3:00:15 AM:Arithmetic operation resulted in an overflow.   at Microsoft.VisualBasic.CompilerServices.Conversions.ToInteger(String Value)
   at InitialDLauncher.Helper.GetMilelage(Byte[] hex1, Byte[] hex2, Byte[] hex3, Byte[] hex4) in E:\Users\Barry\Documents\GitHub\Initial-D-Arcade-Stage-Teknoparrot-Launcher\InitialDLauncher\Class\Helper.vb:line 746
   at InitialDLauncher.frmEdit.frmEdit_Load(Object sender, EventArgs e) in E:\Users\Barry\Documents\GitHub\Initial-D-Arcade-Stage-Teknoparrot-Launcher\InitialDLauncher\Form\frmEdit.vb:line 1388
25/Oct/2018 4:27:12 PM:Arithmetic operation resulted in an overflow.   at Microsoft.VisualBasic.CompilerServices.Conversions.ToInteger(String Value)
   at InitialDLauncher.Helper.GetMilelage(Byte[] hex1, Byte[] hex2, Byte[] hex3, Byte[] hex4) in E:\Users\Barry\Documents\GitHub\Initial-D-Arcade-Stage-Teknoparrot-Launcher\InitialDLauncher\Class\Helper.vb:line 750
   at InitialDLauncher.frmEdit.frmEdit_Load(Object sender, EventArgs e) in E:\Users\Barry\Documents\GitHub\Initial-D-Arcade-Stage-Teknoparrot-Launcher\InitialDLauncher\Form\frmEdit.vb:line 1388
25/Oct/2018 4:34:48 PM:Arithmetic operation resulted in an overflow.   at Microsoft.VisualBasic.CompilerServices.Conversions.ToInteger(String Value)
   at InitialDLauncher.Helper.GetMilelage(Byte[] hex1, Byte[] hex2, Byte[] hex3, Byte[] hex4) in E:\Users\Barry\Documents\GitHub\Initial-D-Arcade-Stage-Teknoparrot-Launcher\InitialDLauncher\Class\Helper.vb:line 750
   at InitialDLauncher.frmEdit.frmEdit_Load(Object sender, EventArgs e) in E:\Users\Barry\Documents\GitHub\Initial-D-Arcade-Stage-Teknoparrot-Launcher\InitialDLauncher\Form\frmEdit.vb:line 1388
25/Oct/2018 4:37:31 PM:Arithmetic operation resulted in an overflow.   at Microsoft.VisualBasic.CompilerServices.Conversions.ToInteger(String Value)
   at InitialDLauncher.Helper.GetMilelage(Byte[] hex1, Byte[] hex2, Byte[] hex3, Byte[] hex4) in E:\Users\Barry\Documents\GitHub\Initial-D-Arcade-Stage-Teknoparrot-Launcher\InitialDLauncher\Class\Helper.vb:line 750
   at InitialDLauncher.frmEdit.frmEdit_Load(Object sender, EventArgs e) in E:\Users\Barry\Documents\GitHub\Initial-D-Arcade-Stage-Teknoparrot-Launcher\InitialDLauncher\Form\frmEdit.vb:line 1388
25/Oct/2018 4:42:06 PM:Arithmetic operation resulted in an overflow.   at Microsoft.VisualBasic.CompilerServices.Conversions.ToInteger(String Value)
   at InitialDLauncher.Helper.GetMilelage(Byte[] hex1, Byte[] hex2, Byte[] hex3, Byte[] hex4) in E:\Users\Barry\Documents\GitHub\Initial-D-Arcade-Stage-Teknoparrot-Launcher\InitialDLauncher\Class\Helper.vb:line 750
   at InitialDLauncher.frmEdit.frmEdit_Load(Object sender, EventArgs e) in E:\Users\Barry\Documents\GitHub\Initial-D-Arcade-Stage-Teknoparrot-Launcher\InitialDLauncher\Form\frmEdit.vb:line 1388
